<?xml version="1.0" encoding="UTF-8" ?>
<testsuite errors="0" failures="0" hostname="478-mac-10" name="com.develogical.crypto.ReverseCipherTest" tests="2" time="0.099" timestamp="2014-01-13T16:24:48">
  <properties>
    <property name="java.vendor" value="Apple Inc." />
    <property name="lib.dir" value="lib" />
    <property name="ant.file.SimpleProject" value="/Network/Servers/jerry.sep.cs.ox.ac.uk/Volumes/Data/StudentUsers/antnos/Desktop/ABE/build.xml" />
    <property name="sun.java.launcher" value="SUN_STANDARD" />
    <property name="jikes.class.path" value=":/System/Library/Java/JavaVirtualMachines/1.6.0.jdk/Contents/Home/../Classes/alt-rt.jar:/System/Library/Java/JavaVirtualMachines/1.6.0.jdk/Contents/Home/../Classes/alt-string.jar:/System/Library/Java/JavaVirtualMachines/1.6.0.jdk/Contents/Home/../Classes/charsets.jar:/System/Library/Java/JavaVirtualMachines/1.6.0.jdk/Contents/Home/../Classes/classes.jar:/System/Library/Java/JavaVirtualMachines/1.6.0.jdk/Contents/Home/../Classes/dt.jar:/System/Library/Java/JavaVirtualMachines/1.6.0.jdk/Contents/Home/../Classes/jce.jar:/System/Library/Java/JavaVirtualMachines/1.6.0.jdk/Contents/Home/../Classes/jconsole.jar:/System/Library/Java/JavaVirtualMachines/1.6.0.jdk/Contents/Home/../Classes/jsse.jar:/System/Library/Java/JavaVirtualMachines/1.6.0.jdk/Contents/Home/../Classes/management-agent.jar:/System/Library/Java/JavaVirtualMachines/1.6.0.jdk/Contents/Home/../Classes/ui.jar" />
    <property name="sun.management.compiler" value="HotSpot 64-Bit Tiered Compilers" />
    <property name="system.test.report.dir" value="build/junitreport/system-test" />
    <property name="build.prod.dir" value="build/prod" />
    <property name="os.name" value="Mac OS X" />
    <property name="sun.boot.class.path" value="/System/Library/Java/JavaVirtualMachines/1.6.0.jdk/Contents/Classes/jsfd.jar:/System/Library/Java/JavaVirtualMachines/1.6.0.jdk/Contents/Classes/classes.jar:/System/Library/Frameworks/JavaVM.framework/Frameworks/JavaRuntimeSupport.framework/Resources/Java/JavaRuntimeSupport.jar:/System/Library/Java/JavaVirtualMachines/1.6.0.jdk/Contents/Classes/ui.jar:/System/Library/Java/JavaVirtualMachines/1.6.0.jdk/Contents/Classes/laf.jar:/System/Library/Java/JavaVirtualMachines/1.6.0.jdk/Contents/Classes/sunrsasign.jar:/System/Library/Java/JavaVirtualMachines/1.6.0.jdk/Contents/Classes/jsse.jar:/System/Library/Java/JavaVirtualMachines/1.6.0.jdk/Contents/Classes/jce.jar:/System/Library/Java/JavaVirtualMachines/1.6.0.jdk/Contents/Classes/charsets.jar" />
    <property name="java.vm.specification.vendor" value="Sun Microsystems Inc." />
    <property name="ant.home" value="/usr/share/ant" />
    <property name="java.runtime.version" value="1.6.0_65-b14-462-11M4609" />
    <property name="user.name" value="antnos" />
    <property name="awt.nativeDoubleBuffering" value="true" />
    <property name="ant.file.type.SimpleProject" value="file" />
    <property name="build.dir" value="build" />
    <property name="user.language" value="en" />
    <property name="test.report.dir" value="build/junitreport" />
    <property name="sun.boot.library.path" value="/System/Library/Java/JavaVirtualMachines/1.6.0.jdk/Contents/Libraries" />
    <property name="ant.project.name" value="SimpleProject" />
    <property name="java.version" value="1.6.0_65" />
    <property name="user.timezone" value="" />
    <property name="sun.arch.data.model" value="64" />
    <property name="http.nonProxyHosts" value="local|*.local|169.254/16|*.169.254/16" />
    <property name="java.endorsed.dirs" value="/System/Library/Java/JavaVirtualMachines/1.6.0.jdk/Contents/Home/lib/endorsed" />
    <property name="sun.cpu.isalist" value="" />
    <property name="sun.jnu.encoding" value="MacRoman" />
    <property name="file.encoding.pkg" value="sun.io" />
    <property name="system.test.dir" value="system-test" />
    <property name="file.separator" value="/" />
    <property name="java.specification.name" value="Java Platform API Specification" />
    <property name="java.class.version" value="50.0" />
    <property name="user.country" value="US" />
    <property name="java.home" value="/System/Library/Java/JavaVirtualMachines/1.6.0.jdk/Contents/Home" />
    <property name="java.vm.info" value="mixed mode" />
    <property name="ant.file" value="/Network/Servers/jerry.sep.cs.ox.ac.uk/Volumes/Data/StudentUsers/antnos/Desktop/ABE/build.xml" />
    <property name="os.version" value="10.8.5" />
    <property name="path.separator" value=":" />
    <property name="java.vm.version" value="20.65-b04-462" />
    <property name="ant.library.dir" value="/usr/share/ant/lib" />
    <property name="java.awt.printerjob" value="apple.awt.CPrinterJob" />
    <property name="sun.io.unicode.encoding" value="UnicodeLittle" />
    <property name="awt.toolkit" value="apple.awt.CToolkit" />
    <property name="socksNonProxyHosts" value="local|*.local|169.254/16|*.169.254/16" />
    <property name="ftp.nonProxyHosts" value="local|*.local|169.254/16|*.169.254/16" />
    <property name="build.jar.dir" value="build/jar" />
    <property name="user.home" value="/Network/Servers/jerry.sep.cs.ox.ac.uk/Volumes/Data/StudentUsers/antnos" />
    <property name="java.specification.vendor" value="Sun Microsystems Inc." />
    <property name="java.library.path" value=".:/Library/Java/Extensions:/System/Library/Java/Extensions:/usr/lib/java" />
    <property name="java.vendor.url" value="http://www.apple.com/" />
    <property name="java.vm.vendor" value="Apple Inc." />
    <property name="gopherProxySet" value="false" />
    <property name="java.runtime.name" value="Java(TM) SE Runtime Environment" />
    <property name="sun.java.command" value="org.apache.tools.ant.taskdefs.optional.junit.JUnitTestRunner com.develogical.crypto.ReverseCipherTest filtertrace=true haltOnError=false haltOnFailure=false formatter=org.apache.tools.ant.taskdefs.optional.junit.SummaryJUnitResultFormatter showoutput=false outputtoformatters=true logfailedtests=true logtestlistenerevents=false formatter=org.apache.tools.ant.taskdefs.optional.junit.XMLJUnitResultFormatter,/Network/Servers/jerry.sep.cs.ox.ac.uk/Volumes/Data/StudentUsers/antnos/Desktop/ABE/build/junitreport/unit-test/TEST-com.develogical.crypto.ReverseCipherTest.xml crashfile=/Network/Servers/jerry.sep.cs.ox.ac.uk/Volumes/Data/StudentUsers/antnos/Desktop/ABE/junitvmwatcher8157051795068569209.properties propsfile=/Network/Servers/jerry.sep.cs.ox.ac.uk/Volumes/Data/StudentUsers/antnos/Desktop/ABE/junit4736017655439662054.properties" />
    <property name="java.class.path" value="/Network/Servers/jerry.sep.cs.ox.ac.uk/Volumes/Data/StudentUsers/antnos/Desktop/ABE/build/prod:/Network/Servers/jerry.sep.cs.ox.ac.uk/Volumes/Data/StudentUsers/antnos/Desktop/ABE/build/test:/Network/Servers/jerry.sep.cs.ox.ac.uk/Volumes/Data/StudentUsers/antnos/Desktop/ABE/lib/junit-4.8.jar:/usr/share/java/ant-1.8.2/lib/ant-launcher.jar:/usr/share/ant/lib/ant.jar:/usr/share/ant/lib/ant-junit.jar:/usr/share/ant/lib/ant-junit4.jar" />
    <property name="ant.version" value="Apache Ant(TM) version 1.8.2 compiled on June 20 2012" />
    <property name="java.vm.specification.name" value="Java Virtual Machine Specification" />
    <property name="ant.file.type" value="file" />
    <property name="java.vm.specification.version" value="1.0" />
    <property name="unit.test.dir" value="unit-test" />
    <property name="sun.cpu.endian" value="little" />
    <property name="sun.os.patch.level" value="unknown" />
    <property name="java.io.tmpdir" value="/var/folders/vd/45jj924d5zvbxjqwz4pk4jq8000_x4/T/" />
    <property name="java.vendor.url.bug" value="http://bugreport.apple.com/" />
    <property name="mrj.build" value="11M4609" />
    <property name="os.arch" value="x86_64" />
    <property name="java.awt.graphicsenv" value="apple.awt.CGraphicsEnvironment" />
    <property name="java.ext.dirs" value="/Library/Java/Extensions:/System/Library/Java/Extensions:/System/Library/Java/JavaVirtualMachines/1.6.0.jdk/Contents/Home/lib/ext" />
    <property name="mrj.version" value="1070.1.6.0_65-462" />
    <property name="user.dir" value="/Network/Servers/jerry.sep.cs.ox.ac.uk/Volumes/Data/StudentUsers/antnos/Desktop/ABE" />
    <property name="build.test.dir" value="build/test" />
    <property name="line.separator" value="&#xa;" />
    <property name="java.vm.name" value="Java HotSpot(TM) 64-Bit Server VM" />
    <property name="basedir" value="/Network/Servers/jerry.sep.cs.ox.ac.uk/Volumes/Data/StudentUsers/antnos/Desktop/ABE" />
    <property name="ant.java.version" value="1.6" />
    <property name="ant.core.lib" value="/usr/share/ant/lib/ant.jar" />
    <property name="file.encoding" value="MacRoman" />
    <property name="java.specification.version" value="1.6" />
    <property name="src.dir" value="src" />
    <property name="unit.test.report.dir" value="build/junitreport/unit-test" />
    <property name="ant.project.invoked-targets" value="run-unit-tests" />
  </properties>
  <testcase classname="com.develogical.crypto.ReverseCipherTest" name="encodesStringReversingLetters" time="0.012" />
  <testcase classname="com.develogical.crypto.ReverseCipherTest" name="decodesStringSubstitutingLetters" time="0.0" />
  <system-out><![CDATA[]]></system-out>
  <system-err><![CDATA[]]></system-err>
</testsuite>
